# JRE version: Java(TM) SE Runtime Environment (8.0_211-b12) (build 1.8.0_211-b12)
# Java VM: Java HotSpot(TM) 64-Bit Server VM (25.211-b12 mixed mode windows-amd64 compressed oops)
Heap:
 PSYoungGen      total 67584K, used 36738K [0x00000000eab00000, 0x00000000f2280000, 0x0000000100000000)
  eden space 57856K, 51% used [0x00000000eab00000,0x00000000ec7d6738,0x00000000ee380000)
  from space 9728K, 74% used [0x00000000eee00000,0x00000000ef50a218,0x00000000ef780000)
  to   space 10752K, 0% used [0x00000000ee380000,0x00000000ee380000,0x00000000eee00000)
 ParOldGen       total 56320K, used 9165K [0x00000000c0000000, 0x00000000c3700000, 0x00000000eab00000)
  object space 56320K, 16% used [0x00000000c0000000,0x00000000c08f3760,0x00000000c3700000)
 Metaspace       used 31792K, capacity 32528K, committed 32640K, reserved 1077248K
  class space    used 4428K, capacity 4646K, committed 4736K, reserved 1048576K
GC Heap History (10 events):
Event: 11.176 GC heap before
{Heap before GC invocations=5 (full 0):
 PSYoungGen      total 38400K, used 38400K [0x00000000eab00000, 0x00000000ed580000, 0x0000000100000000)
  eden space 33280K, 100% used [0x00000000eab00000,0x00000000ecb80000,0x00000000ecb80000)
  from space 5120K, 100% used [0x00000000ed080000,0x00000000ed580000,0x00000000ed580000)
  to   space 5120K, 0% used [0x00000000ecb80000,0x00000000ecb80000,0x00000000ed080000)
 ParOldGen       total 87552K, used 3998K [0x00000000c0000000, 0x00000000c5580000, 0x00000000eab00000)
  object space 87552K, 4% used [0x00000000c0000000,0x00000000c03e7988,0x00000000c5580000)
 Metaspace       used 17775K, capacity 18340K, committed 18432K, reserved 1064960K
  class space    used 2604K, capacity 2784K, committed 2816K, reserved 1048576K
Event: 11.190 GC heap after
Heap after GC invocations=5 (full 0):
 PSYoungGen      total 38400K, used 5104K [0x00000000eab00000, 0x00000000f0100000, 0x0000000100000000)
  eden space 33280K, 0% used [0x00000000eab00000,0x00000000eab00000,0x00000000ecb80000)
  from space 5120K, 99% used [0x00000000ecb80000,0x00000000ed07c010,0x00000000ed080000)
  to   space 10752K, 0% used [0x00000000ef680000,0x00000000ef680000,0x00000000f0100000)
 ParOldGen       total 87552K, used 7568K [0x00000000c0000000, 0x00000000c5580000, 0x00000000eab00000)
  object space 87552K, 8% used [0x00000000c0000000,0x00000000c0764078,0x00000000c5580000)
 Metaspace       used 17775K, capacity 18340K, committed 18432K, reserved 1064960K
  class space    used 2604K, capacity 2784K, committed 2816K, reserved 1048576K
}
Event: 13.168 GC heap before
{Heap before GC invocations=6 (full 0):
 PSYoungGen      total 38400K, used 34553K [0x00000000eab00000, 0x00000000f0100000, 0x0000000100000000)
  eden space 33280K, 88% used [0x00000000eab00000,0x00000000ec7c2560,0x00000000ecb80000)
  from space 5120K, 99% used [0x00000000ecb80000,0x00000000ed07c010,0x00000000ed080000)
  to   space 10752K, 0% used [0x00000000ef680000,0x00000000ef680000,0x00000000f0100000)
 ParOldGen       total 87552K, used 7568K [0x00000000c0000000, 0x00000000c5580000, 0x00000000eab00000)
  object space 87552K, 8% used [0x00000000c0000000,0x00000000c0764078,0x00000000c5580000)
 Metaspace       used 20564K, capacity 21140K, committed 21248K, reserved 1067008K
  class space    used 3065K, capacity 3229K, committed 3328K, reserved 1048576K
Event: 13.179 GC heap after
Heap after GC invocations=6 (full 0):
 PSYoungGen      total 41472K, used 8300K [0x00000000eab00000, 0x00000000eff00000, 0x0000000100000000)
  eden space 32768K, 0% used [0x00000000eab00000,0x00000000eab00000,0x00000000ecb00000)
  from space 8704K, 95% used [0x00000000ef680000,0x00000000efe9b0f0,0x00000000eff00000)
  to   space 11264K, 0% used [0x00000000ee900000,0x00000000ee900000,0x00000000ef400000)
 ParOldGen       total 87552K, used 7576K [0x00000000c0000000, 0x00000000c5580000, 0x00000000eab00000)
  object space 87552K, 8% used [0x00000000c0000000,0x00000000c0766078,0x00000000c5580000)
 Metaspace       used 20564K, capacity 21140K, committed 21248K, reserved 1067008K
  class space    used 3065K, capacity 3229K, committed 3328K, reserved 1048576K
}
Event: 13.179 GC heap before
{Heap before GC invocations=7 (full 1):
 PSYoungGen      total 41472K, used 8300K [0x00000000eab00000, 0x00000000eff00000, 0x0000000100000000)
  eden space 32768K, 0% used [0x00000000eab00000,0x00000000eab00000,0x00000000ecb00000)
  from space 8704K, 95% used [0x00000000ef680000,0x00000000efe9b0f0,0x00000000eff00000)
  to   space 11264K, 0% used [0x00000000ee900000,0x00000000ee900000,0x00000000ef400000)
 ParOldGen       total 87552K, used 7576K [0x00000000c0000000, 0x00000000c5580000, 0x00000000eab00000)
  object space 87552K, 8% used [0x00000000c0000000,0x00000000c0766078,0x00000000c5580000)
 Metaspace       used 20564K, capacity 21140K, committed 21248K, reserved 1067008K
  class space    used 3065K, capacity 3229K, committed 3328K, reserved 1048576K
Event: 13.229 GC heap after
Heap after GC invocations=7 (full 1):
 PSYoungGen      total 41472K, used 0K [0x00000000eab00000, 0x00000000eff00000, 0x0000000100000000)
  eden space 32768K, 0% used [0x00000000eab00000,0x00000000eab00000,0x00000000ecb00000)
  from space 8704K, 0% used [0x00000000ef680000,0x00000000ef680000,0x00000000eff00000)
  to   space 11264K, 0% used [0x00000000ee900000,0x00000000ee900000,0x00000000ef400000)
 ParOldGen       total 56320K, used 9149K [0x00000000c0000000, 0x00000000c3700000, 0x00000000eab00000)
  object space 56320K, 16% used [0x00000000c0000000,0x00000000c08ef760,0x00000000c3700000)
 Metaspace       used 20564K, capacity 21140K, committed 21248K, reserved 1067008K
  class space    used 3065K, capacity 3229K, committed 3328K, reserved 1048576K
}
Event: 13.769 GC heap before
{Heap before GC invocations=8 (full 1):
 PSYoungGen      total 41472K, used 32768K [0x00000000eab00000, 0x00000000eff00000, 0x0000000100000000)
  eden space 32768K, 100% used [0x00000000eab00000,0x00000000ecb00000,0x00000000ecb00000)
  from space 8704K, 0% used [0x00000000ef680000,0x00000000ef680000,0x00000000eff00000)
  to   space 11264K, 0% used [0x00000000ee900000,0x00000000ee900000,0x00000000ef400000)
 ParOldGen       total 56320K, used 9149K [0x00000000c0000000, 0x00000000c3700000, 0x00000000eab00000)
  object space 56320K, 16% used [0x00000000c0000000,0x00000000c08ef760,0x00000000c3700000)
 Metaspace       used 26371K, capacity 27024K, committed 27264K, reserved 1073152K
  class space    used 3642K, capacity 3845K, committed 3968K, reserved 1048576K
Event: 13.775 GC heap after
Heap after GC invocations=8 (full 1):
 PSYoungGen      total 61952K, used 5048K [0x00000000eab00000, 0x00000000ef780000, 0x0000000100000000)
  eden space 56832K, 0% used [0x00000000eab00000,0x00000000eab00000,0x00000000ee280000)
  from space 5120K, 98% used [0x00000000ee900000,0x00000000eedee090,0x00000000eee00000)
  to   space 9728K, 0% used [0x00000000eee00000,0x00000000eee00000,0x00000000ef780000)
 ParOldGen       total 56320K, used 9157K [0x00000000c0000000, 0x00000000c3700000, 0x00000000eab00000)
  object space 56320K, 16% used [0x00000000c0000000,0x00000000c08f1760,0x00000000c3700000)
 Metaspace       used 26371K, capacity 27024K, committed 27264K, reserved 1073152K
  class space    used 3642K, capacity 3845K, committed 3968K, reserved 1048576K
}
Event: 14.719 GC heap before
{Heap before GC invocations=9 (full 1):
 PSYoungGen      total 61952K, used 61880K [0x00000000eab00000, 0x00000000ef780000, 0x0000000100000000)
  eden space 56832K, 100% used [0x00000000eab00000,0x00000000ee280000,0x00000000ee280000)
  from space 5120K, 98% used [0x00000000ee900000,0x00000000eedee090,0x00000000eee00000)
  to   space 9728K, 0% used [0x00000000eee00000,0x00000000eee00000,0x00000000ef780000)
 ParOldGen       total 56320K, used 9157K [0x00000000c0000000, 0x00000000c3700000, 0x00000000eab00000)
  object space 56320K, 16% used [0x00000000c0000000,0x00000000c08f1760,0x00000000c3700000)
 Metaspace       used 29818K, capacity 30486K, committed 30848K, reserved 1075200K
  class space    used 4206K, capacity 4402K, committed 4480K, reserved 1048576K
Event: 14.741 GC heap after
Heap after GC invocations=9 (full 1):
 PSYoungGen      total 67584K, used 7208K [0x00000000eab00000, 0x00000000f2280000, 0x0000000100000000)
  eden space 57856K, 0% used [0x00000000eab00000,0x00000000eab00000,0x00000000ee380000)
  from space 9728K, 74% used [0x00000000eee00000,0x00000000ef50a218,0x00000000ef780000)
  to   space 10752K, 0% used [0x00000000ee380000,0x00000000ee380000,0x00000000eee00000)
 ParOldGen       total 56320K, used 9165K [0x00000000c0000000, 0x00000000c3700000, 0x00000000eab00000)
  object space 56320K, 16% used [0x00000000c0000000,0x00000000c08f3760,0x00000000c3700000)
 Metaspace       used 29818K, capacity 30486K, committed 30848K, reserved 1075200K
  class space    used 4206K, capacity 4402K, committed 4480K, reserved 1048576K
}

